[31Jan2021 00:12:57.743] [Server thread/WARN] [net.minecraft.network.play.ServerPlayNetHandler/]: ddv12138 moved too quickly! -599.7055469528661,68.5,-625.1557448063398
[31Jan2021 00:13:18.127] [Server thread/WARN] [net.minecraft.server.MinecraftServer/]: Can't keep up! Is the server overloaded? Running 2169ms or 43 ticks behind
[31Jan2021 00:17:06.644] [Server thread/WARN] [net.minecraft.network.play.ServerPlayNetHandler/]: ddv12138 moved too quickly! -598.5796499758269,67.5,-630.7213319048993
[31Jan2021 00:35:08.989] [Server thread/INFO] [net.minecraft.server.dedicated.DedicatedServer/]: ddv12138 has made the advancement [Best Friends Forever]
[31Jan2021 02:06:51.683] [Server thread/INFO] [net.minecraft.network.play.ServerPlayNetHandler/]: ddv12138 lost connection: Disconnected
[31Jan2021 02:06:51.734] [Server thread/INFO] [net.minecraft.server.dedicated.DedicatedServer/]: ddv12138 left the game
[31Jan2021 09:59:37.217] [Server thread/WARN] [net.minecraft.server.MinecraftServer/]: Can't keep up! Is the server overloaded? Running 3700ms or 74 ticks behind
[31Jan2021 12:53:07.796] [Server thread/INFO] [net.minecraftforge.common.AdvancementLoadFix/]: Using new advancement loading for net.minecraft.advancements.PlayerAdvancements@72febb20
[31Jan2021 12:53:07.870] [Server thread/INFO] [net.minecraft.server.management.PlayerList/]: ddv12138[/192.168.5.3:4937] logged in with entity id 82108 at (41.09541532334079, 64.0, -715.8798345683665)
[31Jan2021 12:53:07.877] [Server thread/INFO] [net.minecraft.server.dedicated.DedicatedServer/]: ddv12138 joined the game
[31Jan2021 12:59:50.761] [Server thread/WARN] [net.minecraft.server.MinecraftServer/]: Can't keep up! Is the server overloaded? Running 3253ms or 65 ticks behind
[31Jan2021 13:21:13.554] [Server thread/WARN] [net.minecraft.network.play.ServerPlayNetHandler/]: ddv12138 moved too quickly! 547.5311682482743,70.5,-305.06382595218906
[31Jan2021 13:24:30.047] [Server thread/WARN] [net.minecraft.network.play.ServerPlayNetHandler/]: ddv12138 moved too quickly! -545.7012084308489,-68.5,302.70644729564424
[31Jan2021 13:30:30.228] [Server thread/INFO] [net.minecraft.network.play.ServerPlayNetHandler/]: ddv12138 lost connection: Disconnected
[31Jan2021 13:30:30.286] [Server thread/INFO] [net.minecraft.server.dedicated.DedicatedServer/]: ddv12138 left the game
[31Jan2021 16:05:03.478] [Server thread/INFO] [net.minecraftforge.common.AdvancementLoadFix/]: Using new advancement loading for net.minecraft.advancements.PlayerAdvancements@3b7f3963
[31Jan2021 16:05:03.584] [Server thread/INFO] [net.minecraft.server.management.PlayerList/]: ddv12138[/192.168.5.3:5981] logged in with entity id 88777 at (-1153.4376004303208, 10.0, -979.3413698996187)
[31Jan2021 16:05:03.636] [Server thread/INFO] [net.minecraft.server.dedicated.DedicatedServer/]: ddv12138 joined the game
[31Jan2021 16:05:04.268] [Server thread/INFO] [net.minecraft.network.play.ServerPlayNetHandler/]: ddv12138 lost connection: You logged in from another location
[31Jan2021 16:05:04.268] [Server thread/INFO] [net.minecraft.server.dedicated.DedicatedServer/]: ddv12138 left the game
[31Jan2021 16:05:04.378] [Server thread/INFO] [net.minecraftforge.common.AdvancementLoadFix/]: Using new advancement loading for net.minecraft.advancements.PlayerAdvancements@59f8336d
[31Jan2021 16:05:04.383] [Server thread/WARN] [net.minecraft.network.NetworkManager/]: handleDisconnection() called twice
[31Jan2021 16:05:04.420] [Server thread/INFO] [net.minecraft.server.management.PlayerList/]: ddv12138[/192.168.5.3:5982] logged in with entity id 88779 at (-1153.4376004303208, 10.0, -979.3413698996187)
[31Jan2021 16:05:04.423] [Server thread/INFO] [net.minecraft.server.dedicated.DedicatedServer/]: ddv12138 joined the game
[31Jan2021 16:05:04.654] [Server thread/INFO] [net.minecraft.network.play.ServerPlayNetHandler/]: ddv12138 lost connection: You logged in from another location
[31Jan2021 16:05:04.655] [Server thread/INFO] [net.minecraft.server.dedicated.DedicatedServer/]: ddv12138 left the game
[31Jan2021 16:05:04.673] [Server thread/INFO] [net.minecraft.server.management.PlayerList/]: ddv12138[/192.168.5.3:5980] logged in with entity id 88780 at (-1153.4376004303208, 10.0, -979.3413698996187)
[31Jan2021 16:05:04.677] [Server thread/INFO] [net.minecraft.server.dedicated.DedicatedServer/]: ddv12138 joined the game
[31Jan2021 16:05:42.133] [Server thread/INFO] [net.minecraft.network.play.ServerPlayNetHandler/]: ddv12138 lost connection: Disconnected
[31Jan2021 16:05:42.199] [Server thread/INFO] [net.minecraft.server.dedicated.DedicatedServer/]: ddv12138 left the game
[31Jan2021 16:05:49.998] [Server thread/INFO] [net.minecraftforge.common.AdvancementLoadFix/]: Using new advancement loading for net.minecraft.advancements.PlayerAdvancements@428e24e5
[31Jan2021 16:05:50.091] [Server thread/INFO] [net.minecraft.server.management.PlayerList/]: ddv12138[/192.168.5.3:6120] logged in with entity id 88960 at (-1153.4376004303208, 10.0, -979.3413698996187)
[31Jan2021 16:05:50.094] [Server thread/INFO] [net.minecraft.server.dedicated.DedicatedServer/]: ddv12138 joined the game
[31Jan2021 16:05:52.400] [Server thread/WARN] [net.minecraft.server.MinecraftServer/]: Can't keep up! Is the server overloaded? Running 2342ms or 46 ticks behind
[31Jan2021 16:06:54.810] [Server thread/WARN] [net.minecraft.server.MinecraftServer/]: Can't keep up! Is the server overloaded? Running 2803ms or 56 ticks behind
[31Jan2021 16:27:06.105] [Server thread/WARN] [net.minecraft.network.play.ServerPlayNetHandler/]: ddv12138 moved too quickly! 547.5868360720253,70.5,-304.96662369759315
[31Jan2021 17:01:29.791] [Server thread/WARN] [net.minecraft.network.play.ServerPlayNetHandler/]: ddv12138 moved too quickly! -2208.3375531956317,66.5,-1545.8977443116069
[31Jan2021 17:01:51.540] [Server thread/WARN] [net.minecraft.server.MinecraftServer/]: Can't keep up! Is the server overloaded? Running 3282ms or 65 ticks behind
[31Jan2021 17:24:54.753] [Server thread/WARN] [net.minecraft.network.play.ServerPlayNetHandler/]: ddv12138 moved too quickly! 547.1679925386597,70.5,-303.1710418554644
[31Jan2021 17:34:05.550] [Server thread/WARN] [net.minecraft.network.play.ServerPlayNetHandler/]: ddv12138 moved too quickly! -597.1999999880791,69.5,-626.5693803026207
[31Jan2021 17:47:31.992] [Server thread/WARN] [net.minecraft.network.play.ServerPlayNetHandler/]: ddv12138 moved too quickly! -597.6274995662598,68.5,-627.6064779138266
[31Jan2021 18:44:29.671] [Server thread/WARN] [net.minecraft.server.MinecraftServer/]: Can't keep up! Is the server overloaded? Running 2013ms or 40 ticks behind
[31Jan2021 18:44:53.429] [Server thread/WARN] [net.minecraft.server.MinecraftServer/]: Can't keep up! Is the server overloaded? Running 8772ms or 175 ticks behind
[31Jan2021 19:12:58.999] [Server thread/INFO] [net.minecraft.entity.Entity/]: Villager VillagerEntity['Villager'/113761, l='ServerLevel[新的世界]', x=24.13, y=63.56, z=-718.51] died, message: 'Villager was blown up by Creeper'
[31Jan2021 19:15:34.500] [Server thread/WARN] [net.minecraft.network.play.ServerPlayNetHandler/]: ddv12138 moved too quickly! -597.6899548043565,68.5,-627.90226242699
[31Jan2021 19:20:52.507] [Server thread/WARN] [net.minecraft.network.play.ServerPlayNetHandler/]: ddv12138 moved too quickly! -598.390482588399,68.5,-628.9812313924647
[31Jan2021 19:26:58.431] [Server thread/INFO] [net.minecraft.network.play.ServerPlayNetHandler/]: ddv12138 lost connection: Disconnected
[31Jan2021 19:26:58.482] [Server thread/INFO] [net.minecraft.server.dedicated.DedicatedServer/]: ddv12138 left the game
[31Jan2021 19:27:12.482] [Server thread/INFO] [net.minecraftforge.common.AdvancementLoadFix/]: Using new advancement loading for net.minecraft.advancements.PlayerAdvancements@4585d479
[31Jan2021 19:27:12.511] [Server thread/INFO] [net.minecraft.server.management.PlayerList/]: ddv12138[/192.168.5.3:2135] logged in with entity id 120104 at (25.699999988079078, 63.0, -710.1577199032988)
[31Jan2021 19:27:12.525] [Server thread/INFO] [net.minecraft.server.dedicated.DedicatedServer/]: ddv12138 joined the game
[31Jan2021 19:40:05.018] [Server thread/WARN] [net.minecraft.server.MinecraftServer/]: Can't keep up! Is the server overloaded? Running 2059ms or 41 ticks behind
[31Jan2021 19:48:50.338] [Server thread/INFO] [net.minecraft.network.play.ServerPlayNetHandler/]: ddv12138 lost connection: Disconnected
[31Jan2021 19:48:50.501] [Server thread/INFO] [net.minecraft.server.dedicated.DedicatedServer/]: ddv12138 left the game
[31Jan2021 21:25:31.719] [Server thread/INFO] [net.minecraftforge.common.AdvancementLoadFix/]: Using new advancement loading for net.minecraft.advancements.PlayerAdvancements@353327d8
[31Jan2021 21:25:31.759] [Server thread/INFO] [net.minecraft.server.management.PlayerList/]: ddv12138[/192.168.5.3:8468] logged in with entity id 123403 at (45.69999998807907, 63.0, -709.3000000119209)
[31Jan2021 21:25:31.762] [Server thread/INFO] [net.minecraft.server.dedicated.DedicatedServer/]: ddv12138 joined the game
[31Jan2021 21:29:14.421] [Server thread/WARN] [net.minecraft.server.MinecraftServer/]: Can't keep up! Is the server overloaded? Running 2014ms or 40 ticks behind
[31Jan2021 22:21:18.604] [Server thread/WARN] [net.minecraft.network.play.ServerPlayNetHandler/]: ddv12138 moved too quickly! 548.0163002646345,70.5,-304.8694660530466
[31Jan2021 22:28:26.584] [Server thread/WARN] [net.minecraft.server.MinecraftServer/]: Can't keep up! Is the server overloaded? Running 2176ms or 43 ticks behind
[31Jan2021 22:54:58.947] [Server thread/WARN] [net.minecraft.network.play.ServerPlayNetHandler/]: ddv12138 moved too quickly! 547.1359486265521,70.5,-304.3347820157244
[31Jan2021 23:01:45.548] [Server thread/WARN] [net.minecraft.server.MinecraftServer/]: Can't keep up! Is the server overloaded? Running 2790ms or 55 ticks behind
[31Jan2021 23:06:15.591] [Server thread/WARN] [net.minecraft.network.play.ServerPlayNetHandler/]: ddv12138 moved too quickly! -588.763198567276,71.5,-622.8512190150648
[31Jan2021 23:24:55.678] [Server thread/INFO] [net.minecraft.network.play.ServerPlayNetHandler/]: ddv12138 lost connection: Disconnected
[31Jan2021 23:24:55.770] [Server thread/INFO] [net.minecraft.server.dedicated.DedicatedServer/]: ddv12138 left the game
